<?xml version="1.0" encoding="UTF-8"?>
<testsuite xmlns:xsi="http://www.w3.org/2001/XMLSchema-instance" xsi:noNamespaceSchemaLocation="https://maven.apache.org/surefire/maven-surefire-plugin/xsd/surefire-test-report.xsd" name="com.Weather.WeatherTest" time="0.097" tests="3" errors="0" skipped="0" failures="0">
  <properties>
[...]
</properties>
  <testcase name="testGetWeatherKerala" classname="com.Weather.WeatherTest" time="0.005"/>
  <testcase name="testGetWeatherBangalore" classname="com.Weather.WeatherTest" time="0"/>
  <testcase name="testGetWeatherChennai" classname="com.Weather.WeatherTest" time="0"/>
</testsuite>